Filename                                       Regions    Missed Regions     Cover   Functions  Missed Functions  Executed       Lines      Missed Lines     Cover    Branches   Missed Branches     Cover
----------------------------------------------------------------------------------------------------------------------------------------------------------------------------------------------------------------------------------------------------
polyml-src/libpolymain/polystub.c                    1                 0   100.00%           1                 0   100.00%           3                 0   100.00%           0                 0         -
polyml-src/libpolyml/arb.cpp                       859               525    38.88%          57                30    47.37%         965               581    39.79%         410               283    30.98%
polyml-src/libpolyml/arm64.cpp                     322               194    39.75%          38                17    55.26%         531               294    44.63%         226               141    37.61%
polyml-src/libpolyml/basicio.cpp                   492               436    11.38%          36                24    33.33%         657               535    18.57%         334               252    24.55%
polyml-src/libpolyml/bitmap.cpp                     81                 1    98.77%           9                 0   100.00%         149                 1    99.33%          48                 1    97.92%
polyml-src/libpolyml/bitmap.h                       12                 6    50.00%          10                 4    60.00%          10                 4    60.00%           4                 4     0.00%
polyml-src/libpolyml/bytecode.cpp                 1175              1170     0.43%          14                11    21.43%        1883              1875     0.42%         858               856     0.23%
polyml-src/libpolyml/bytecode.h                      2                 2     0.00%           2                 2     0.00%           8                 8     0.00%           0                 0         -
polyml-src/libpolyml/check_objects.cpp              74                74     0.00%           6                 6     0.00%          89                89     0.00%          46                46     0.00%
polyml-src/libpolyml/diagnostics.cpp                26                26     0.00%           6                 6     0.00%          65                65     0.00%          14                14     0.00%
polyml-src/libpolyml/elfexport.cpp                 172               172     0.00%          11                11     0.00%         365               365     0.00%          76                76     0.00%
polyml-src/libpolyml/elfexport.h                     3                 3     0.00%           3                 3     0.00%           5                 5     0.00%           0                 0         -
polyml-src/libpolyml/errors.cpp                     14                14     0.00%           2                 2     0.00%          20                20     0.00%           8                 8     0.00%
polyml-src/libpolyml/exporter.cpp                  436               436     0.00%          43                43     0.00%         666               666     0.00%         326               326     0.00%
polyml-src/libpolyml/exporter.h                      7                 7     0.00%           7                 7     0.00%           8                 8     0.00%           0                 0         -
polyml-src/libpolyml/gc.cpp                        115                32    72.17%          10                 5    50.00%         199                51    74.37%          76                28    63.16%
polyml-src/libpolyml/gc_check_weak_ref.cpp          46                25    45.65%           5                 0   100.00%          69                42    39.13%          32                20    37.50%
polyml-src/libpolyml/gc_copy_phase.cpp             137                 8    94.16%           5                 0   100.00%         160                 9    94.38%         100                 7    93.00%
polyml-src/libpolyml/gc_mark_phase.cpp             360                51    85.83%          28                 5    82.14%         485                66    86.39%         214                38    82.24%
polyml-src/libpolyml/gc_progress.cpp                 6                 0   100.00%           6                 0   100.00%          23                 0   100.00%           0                 0         -
polyml-src/libpolyml/gc_share_phase.cpp            342                28    91.81%          36                 2    94.44%         539                66    87.76%         200                29    85.50%
polyml-src/libpolyml/gc_update_phase.cpp            77                 6    92.21%           9                 0   100.00%         140                 7    95.00%          52                 7    86.54%
polyml-src/libpolyml/gctaskfarm.cpp                 70                17    75.71%           9                 2    77.78%         135                35    74.07%          44                13    70.45%
polyml-src/libpolyml/gctaskfarm.h                    3                 1    66.67%           3                 1    66.67%           3                 1    66.67%           0                 0         -
polyml-src/libpolyml/globals.h                     118                23    80.51%          74                15    79.73%          78                15    80.77%           2                 0   100.00%
polyml-src/libpolyml/heapsizing.cpp                322               110    65.84%          24                 1    95.83%         559               174    68.87%         216               103    52.31%
polyml-src/libpolyml/heapsizing.h                    1                 0   100.00%           1                 0   100.00%           1                 0   100.00%           0                 0         -
polyml-src/libpolyml/locking.cpp                    54                25    53.70%          16                 2    87.50%         116                41    64.66%          28                20    28.57%
polyml-src/libpolyml/locking.h                       2                 0   100.00%           2                 0   100.00%           2                 0   100.00%           0                 0         -
polyml-src/libpolyml/machine_dep.h                  13                 9    30.77%          13                 9    30.77%          32                17    46.88%           0                 0         -
polyml-src/libpolyml/memmgr.cpp                    631               303    51.98%          46                10    78.26%         931               404    56.61%         394               211    46.45%
polyml-src/libpolyml/memmgr.h                       74                26    64.86%          44                13    70.45%          81                20    75.31%          26                15    42.31%
polyml-src/libpolyml/modules.cpp                   418               418     0.00%          23                23     0.00%         662               662     0.00%         212               212     0.00%
polyml-src/libpolyml/mpoly.cpp                     207               158    23.67%           7                 3    57.14%         263               203    22.81%         150               131    12.67%
polyml-src/libpolyml/network.cpp                   647               645     0.31%          67                65     2.99%        1157              1153     0.35%         280               280     0.00%
polyml-src/libpolyml/objsize.cpp                   144               144     0.00%          17                17     0.00%         249               249     0.00%          94                94     0.00%
polyml-src/libpolyml/osmem.h                         3                 0   100.00%           3                 0   100.00%           9                 0   100.00%           0                 0         -
polyml-src/libpolyml/osmemunix.cpp                 181               126    30.39%          18                11    38.89%         297               200    32.66%         120                95    20.83%
polyml-src/libpolyml/pexport.cpp                   375               375     0.00%          17                17     0.00%         582               582     0.00%         258               258     0.00%
polyml-src/libpolyml/pexport.h                       2                 2     0.00%           2                 2     0.00%           2                 2     0.00%           0                 0         -
polyml-src/libpolyml/poly_specific.cpp             156                91    41.67%          14                 7    50.00%         268               156    41.79%         126                91    27.78%
polyml-src/libpolyml/polyffi.cpp                    85                85     0.00%          23                23     0.00%         199               199     0.00%          20                20     0.00%
polyml-src/libpolyml/polystring.cpp                 54                43    20.37%          10                 7    30.00%          74                57    22.97%          22                18    18.18%
polyml-src/libpolyml/polystring.h                    5                 3    40.00%           5                 3    40.00%           5                 3    40.00%           0                 0         -
polyml-src/libpolyml/process_env.cpp               179               157    12.29%          18                15    16.67%         325               280    13.85%          60                54    10.00%
polyml-src/libpolyml/processes.cpp                 531               304    42.75%          65                36    44.62%        1020               583    42.84%         318               190    40.25%
polyml-src/libpolyml/processes.h                    11                 4    63.64%          11                 4    63.64%          15                 4    73.33%           0                 0         -
polyml-src/libpolyml/profiling.cpp                 207               191     7.73%          17                14    17.65%         321               302     5.92%         140               133     5.00%
polyml-src/libpolyml/quick_gc.cpp                  272                18    93.38%          18                 2    88.89%         345                24    93.04%         188                18    90.43%
polyml-src/libpolyml/reals.cpp                     248               205    17.34%          57                49    14.04%         348               259    25.57%         146               107    26.71%
polyml-src/libpolyml/rts_module.cpp                 22                 4    81.82%           6                 1    83.33%          24                 5    79.17%          10                 2    80.00%
polyml-src/libpolyml/rts_module.h                    7                 2    71.43%           7                 2    71.43%           7                 2    71.43%           0                 0         -
polyml-src/libpolyml/rtsentry.cpp                   50                50     0.00%           4                 4     0.00%          66                66     0.00%          28                28     0.00%
polyml-src/libpolyml/run_time.cpp                  175               102    41.71%          24                14    41.67%         197               124    37.06%          64                36    43.75%
polyml-src/libpolyml/run_time.h                      9                 8    11.11%           7                 6    14.29%           7                 6    14.29%           2                 2     0.00%
polyml-src/libpolyml/save_vec.cpp                   15                 1    93.33%           5                 0   100.00%          21                 1    95.24%           4                 1    75.00%
polyml-src/libpolyml/save_vec.h                      8                 1    87.50%           8                 1    87.50%          10                 1    90.00%           0                 0         -
polyml-src/libpolyml/savestate.cpp                 583               583     0.00%          29                29     0.00%         790               790     0.00%         316               316     0.00%
polyml-src/libpolyml/savestate.h                     2                 2     0.00%           2                 2     0.00%           2                 2     0.00%           0                 0         -
polyml-src/libpolyml/scanaddrs.cpp                 137                67    51.09%           7                 1    85.71%         211                88    58.29%         108                58    46.30%
polyml-src/libpolyml/scanaddrs.h                     5                 1    80.00%           5                 1    80.00%           5                 1    80.00%           0                 0         -
polyml-src/libpolyml/sharedata.cpp                 396               396     0.00%          44                44     0.00%         531               531     0.00%         226               226     0.00%
polyml-src/libpolyml/sighandler.cpp                106                34    67.92%          17                 2    88.24%         241                58    75.93%          56                26    53.57%
polyml-src/libpolyml/statistics.cpp                305               124    59.34%          29                12    58.62%         457               174    61.93%         156                96    38.46%
polyml-src/libpolyml/timing.cpp                    202               165    18.32%          21                12    42.86%         356               270    24.16%          78                68    12.82%
polyml-src/libpolyml/timing.h                        5                 0   100.00%           5                 0   100.00%           5                 0   100.00%           0                 0         -
polyml-src/libpolyml/unix_specific.cpp             656               655     0.15%          20                19     5.00%         979               973     0.61%         370               370     0.00%
polyml-src/libpolyml/xwindows.cpp                    8                 8     0.00%           2                 2     0.00%          13                13     0.00%           0                 0         -

Files which contain no functions:
build/polyml-coverage/config.h                       0                 0         -           0                 0         -           0                 0         -           0                 0         -
polyml-src/libpolyml/arb.h                           0                 0         -           0                 0         -           0                 0         -           0                 0         -
polyml-src/libpolyml/check_objects.h                 0                 0         -           0                 0         -           0                 0         -           0                 0         -
polyml-src/libpolyml/diagnostics.h                   0                 0         -           0                 0         -           0                 0         -           0                 0         -
polyml-src/libpolyml/int_opcodes.h                   0                 0         -           0                 0         -           0                 0         -           0                 0         -
polyml-src/libpolyml/io_internal.h                   0                 0         -           0                 0         -           0                 0         -           0                 0         -
polyml-src/libpolyml/reals.h                         0                 0         -           0                 0         -           0                 0         -           0                 0         -
polyml-src/libpolyml/statistics.h                    0                 0         -           0                 0         -           0                 0         -           0                 0         -
polyml-src/libpolyml/sys.h                           0                 0         -           0                 0         -           0                 0         -           0                 0         -
polyml-src/libpolyml/version.h                       0                 0         -           0                 0         -           0                 0         -           0                 0         -
polyml-src/polyexports.h                             0                 0         -           0                 0         -           0                 0         -           0                 0         -
polyml-src/polystatistics.h                          0                 0         -           0                 0         -           0                 0         -           0                 0         -
----------------------------------------------------------------------------------------------------------------------------------------------------------------------------------------------------------------------------------------------------
TOTAL                                            12463              8902    28.57%        1210               681    43.72%       19040             13487    29.16%        7286              5428    25.50%
